Arguments: 
  C:\Program Files\nodejs\node.exe C:\Users\Cirilo\AppData\Roaming\npm\node_modules\yarn\bin\yarn.js install

PATH: 
  C:\Windows\system32;C:\Windows;C:\Windows\System32\Wbem;C:\Windows\System32\WindowsPowerShell\v1.0\;C:\Windows\System32\OpenSSH\;C:\Program Files\nodejs\;C:\Program Files\Git\cmd;C:\Users\Cirilo\AppData\Local\Microsoft\WindowsApps;C:\Users\Cirilo\AppData\Local\Programs\Microsoft VS Code\bin;C:\Program Files\JetBrains\PyCharm Community Edition 2021.2.3\bin;;C:\Users\Cirilo\AppData\Roaming\npm;C:\Program Files (x86)\GitHub CLI\

Yarn version: 
  1.22.17

Node version: 
  16.13.0

Platform: 
  win32 x64

Trace: 
  Error: https://registry.yarnpkg.com/fsevent: Not found
      at Request.params.callback [as _callback] (C:\Users\Cirilo\AppData\Roaming\npm\node_modules\yarn\lib\cli.js:67029:18)
      at Request.self.callback (C:\Users\Cirilo\AppData\Roaming\npm\node_modules\yarn\lib\cli.js:140883:22)
      at Request.emit (node:events:390:28)
      at Request.<anonymous> (C:\Users\Cirilo\AppData\Roaming\npm\node_modules\yarn\lib\cli.js:141855:10)
      at Request.emit (node:events:390:28)
      at IncomingMessage.<anonymous> (C:\Users\Cirilo\AppData\Roaming\npm\node_modules\yarn\lib\cli.js:141777:12)
      at Object.onceWrapper (node:events:509:28)
      at IncomingMessage.emit (node:events:402:35)
      at endReadableNT (node:internal/streams/readable:1343:12)
      at processTicksAndRejections (node:internal/process/task_queues:83:21)

npm manifest: 
  {
    "name": "Orizon",
    "version": "1.0.0",
    "main": "index.js",
    "author": "António lugogo",
    "license": "MIT",
    "private": true,
    "scripts": {
      "dev": "nodemon  ./index.js --exec babel-node -e js",
      "serve": "babel-node ./index.js",
      "test": "nodemon  ./src/config/connection.js --exec babel-node -e js"
    },
    "devDependencies": {
      "fs-extra": "^10.0.0"
    },
    "dependencies": {
       "fs-extra": "^10.0.0",
      "@babel/cli": "^7.15.7",
      "@babel/core": "^7.15.5",
      "@babel/node": "^7.15.4",
      "@babel/preset-env": "^7.15.6",
      "ascii-color-log": "^0.1.3",
      "axios": "^0.21.1",
      "babel-preset-stage-0": "^6.24.1",
      "body-parser": "^1.19.0",
      "brunch": "^4.0.0",
      "cookie-parser": "^1.4.5",
      "cors": "^2.8.5",
      "express": "^4.17.1",
      "express-session": "^1.17.2",
      "ip": "^1.1.5",
      "knex": "^0.95.11",
      "multer": "^1.4.2",
      "nodemon": "^2.0.13"
    },
    "optionalDependencies": {
      "fsevent": "*"
    }
  }

yarn manifest: 
  No manifest

Lockfile: 
  No lockfile
